<?xml version="1.0" encoding="UTF-8"?>
<!-- Generated by org.testng.reporters.JUnitReportReporter -->
<testsuite hostname="Sasikumar" failures="0" tests="2" name="cucumberOptions.TestNGRunner" time="0.085" errors="0" timestamp="2023-09-28T10:51:18 IST" skipped="0">
  <testcase classname="cucumberOptions.TestNGRunner" name="runScenario" time="0.005"/>
  <testcase classname="cucumberOptions.TestNGRunner" name="runScenario" time="0.080"/>
</testsuite> <!-- cucumberOptions.TestNGRunner -->
