<?xml version="1.0" encoding="UTF-8"?>
<!-- Generated by org.testng.reporters.JUnitReportReporter -->
<testsuite hostname="Sasikumar" failures="0" tests="6" name="cucumberOptions.TestNGRunner" time="0.119" errors="0" timestamp="2023-09-28T13:10:54 IST" skipped="0">
  <testcase classname="cucumberOptions.TestNGRunner" name="runScenario" time="0.007"/>
  <testcase classname="cucumberOptions.TestNGRunner" name="runScenario" time="0.004"/>
  <testcase classname="cucumberOptions.TestNGRunner" name="runScenario" time="0.018"/>
  <testcase classname="cucumberOptions.TestNGRunner" name="runScenario" time="0.005"/>
  <testcase classname="cucumberOptions.TestNGRunner" name="runScenario" time="0.007"/>
  <testcase classname="cucumberOptions.TestNGRunner" name="runScenario" time="0.078"/>
</testsuite> <!-- cucumberOptions.TestNGRunner -->
