<?xml version="1.0" encoding="UTF-8"?>
<!-- Generated by org.testng.reporters.JUnitReportReporter -->
<testsuite hostname="Sasikumar" failures="0" tests="1" name="cucumberOptions.TestNGRunner" time="0.215" errors="0" timestamp="2023-09-27T04:02:21 IST" skipped="0">
  <testcase classname="cucumberOptions.TestNGRunner" name="runScenario" time="0.215"/>
</testsuite> <!-- cucumberOptions.TestNGRunner -->
