<?xml version="1.0" encoding="UTF-8"?>
<!-- Generated by org.testng.reporters.JUnitReportReporter -->
<testsuite hostname="Sasikumar" failures="0" tests="2" name="cucumberOptions.TestNGRunner" time="0.214" errors="0" timestamp="2023-09-27T04:08:07 IST" skipped="0">
  <testcase classname="cucumberOptions.TestNGRunner" name="runScenario" time="0.009"/>
  <testcase classname="cucumberOptions.TestNGRunner" name="runScenario" time="0.205"/>
</testsuite> <!-- cucumberOptions.TestNGRunner -->
